Flow report for PPU_LITE
Thu Apr 16 21:13:52 2026
Quartus II Version 11.0 Build 208 07/03/2011 Service Pack 1 SJ Web Edition


---------------------
; Table of Contents ;
---------------------
  1. Legal Notice
  2. Flow Summary
  3. Flow Settings
  4. Flow Non-Default Global Settings
  5. Flow Elapsed Time
  6. Flow OS Summary
  7. Flow Log



----------------
; Legal Notice ;
----------------
Copyright (C) 1991-2011 Altera Corporation
Your use of Altera Corporation's design tools, logic functions 
and other software and tools, and its AMPP partner logic 
functions, and any output files from any of the foregoing 
(including device programming or simulation files), and any 
associated documentation or information are expressly subject 
to the terms and conditions of the Altera Program License 
Subscription Agreement, Altera MegaCore Function License 
Agreement, or other applicable license agreement, including, 
without limitation, that your use is for the sole purpose of 
programming logic devices manufactured by Altera and sold by 
Altera or its authorized distributors.  Please refer to the 
applicable agreement for further details.



+-----------------------------------------------------------------------+
; Flow Summary                                                          ;
+-----------------------+-----------------------------------------------+
; Flow Status           ; Successful - Thu Apr 16 21:13:52 2026         ;
; Quartus II Version    ; 11.0 Build 208 07/03/2011 SP 1 SJ Web Edition ;
; Revision Name         ; PPU_LITE                                      ;
; Top-level Entity Name ; PPU_LITE                                      ;
; Family                ; Cyclone                                       ;
; Device                ; EP1C3T100C8                                   ;
; Timing Models         ; Final                                         ;
; Total logic elements  ; 1,212 / 2,910 ( 42 % )                        ;
; Total pins            ; 62 / 65 ( 95 % )                              ;
; Total virtual pins    ; 0                                             ;
; Total memory bits     ; 7,104 / 59,904 ( 12 % )                       ;
; Total PLLs            ; 1 / 1 ( 100 % )                               ;
+-----------------------+-----------------------------------------------+


+-----------------------------------------+
; Flow Settings                           ;
+-------------------+---------------------+
; Option            ; Setting             ;
+-------------------+---------------------+
; Start date & time ; 04/16/2026 21:13:36 ;
; Main task         ; Compilation         ;
; Revision Name     ; PPU_LITE            ;
+-------------------+---------------------+


+--------------------------------------------------------------------------------------------------------------------------------------+
; Flow Non-Default Global Settings                                                                                                     ;
+---------------------------------------+-----------------------------------------------+---------------+-------------+----------------+
; Assignment Name                       ; Value                                         ; Default Value ; Entity Name ; Section Id     ;
+---------------------------------------+-----------------------------------------------+---------------+-------------+----------------+
; COMPILER_SIGNATURE_ID                 ; 1097465144671.177636321605740                 ; --            ; --          ; --             ;
; EDA_OUTPUT_DATA_FORMAT                ; Verilog Hdl                                   ; --            ; --          ; eda_simulation ;
; EDA_SIMULATION_TOOL                   ; ModelSim-Altera (Verilog)                     ; <None>        ; --          ; --             ;
; EDA_TIME_SCALE                        ; 1 ps                                          ; --            ; --          ; eda_simulation ;
; IP_TOOL_NAME                          ; ROM: 1-PORT                                   ; --            ; --          ; --             ;
; IP_TOOL_NAME                          ; RAM: 1-PORT                                   ; --            ; --          ; --             ;
; IP_TOOL_NAME                          ; RAM: 1-PORT                                   ; --            ; --          ; --             ;
; IP_TOOL_NAME                          ; RAM: 1-PORT                                   ; --            ; --          ; --             ;
; IP_TOOL_NAME                          ; ALTPLL                                        ; --            ; --          ; --             ;
; IP_TOOL_NAME                          ; RAM: 1-PORT                                   ; --            ; --          ; --             ;
; IP_TOOL_VERSION                       ; 9.1                                           ; --            ; --          ; --             ;
; IP_TOOL_VERSION                       ; 9.1                                           ; --            ; --          ; --             ;
; IP_TOOL_VERSION                       ; 9.1                                           ; --            ; --          ; --             ;
; IP_TOOL_VERSION                       ; 9.1                                           ; --            ; --          ; --             ;
; IP_TOOL_VERSION                       ; 9.1                                           ; --            ; --          ; --             ;
; IP_TOOL_VERSION                       ; 9.1                                           ; --            ; --          ; --             ;
; MAX_CORE_JUNCTION_TEMP                ; 85                                            ; --            ; --          ; --             ;
; MIN_CORE_JUNCTION_TEMP                ; 0                                             ; --            ; --          ; --             ;
; MISC_FILE                             ; c:/altera/91sp2/quartus/PPU_LITE/PPU_LITE.dpf ; --            ; --          ; --             ;
; MISC_FILE                             ; PLL.bsf                                       ; --            ; --          ; --             ;
; MISC_FILE                             ; PLL.ppf                                       ; --            ; --          ; --             ;
; MISC_FILE                             ; VRAM.bsf                                      ; --            ; --          ; --             ;
; OPTIMIZE_MULTI_CORNER_TIMING          ; Off                                           ; On            ; --          ; --             ;
; PARTITION_COLOR                       ; 16764057                                      ; --            ; --          ; Top            ;
; PARTITION_FITTER_PRESERVATION_LEVEL   ; PLACEMENT_AND_ROUTING                         ; --            ; --          ; Top            ;
; PARTITION_NETLIST_TYPE                ; SOURCE                                        ; --            ; --          ; Top            ;
; RTLV_GROUP_RELATED_NODES              ; Off                                           ; On            ; --          ; --             ;
; SYNCHRONIZATION_REGISTER_CHAIN_LENGTH ; 2                                             ; 3             ; --          ; --             ;
; USE_GENERATED_PHYSICAL_CONSTRAINTS    ; Off                                           ; --            ; --          ; eda_blast_fpga ;
+---------------------------------------+-----------------------------------------------+---------------+-------------+----------------+


+-------------------------------------------------------------------------------------------------------------------------------+
; Flow Elapsed Time                                                                                                             ;
+---------------------------+--------------+-------------------------+---------------------+------------------------------------+
; Module Name               ; Elapsed Time ; Average Processors Used ; Peak Virtual Memory ; Total CPU Time (on all processors) ;
+---------------------------+--------------+-------------------------+---------------------+------------------------------------+
; Analysis & Synthesis      ; 00:00:04     ; 1.0                     ; 299 MB              ; 00:00:04                           ;
; Fitter                    ; 00:00:05     ; 1.0                     ; 338 MB              ; 00:00:05                           ;
; Assembler                 ; 00:00:01     ; 1.0                     ; 259 MB              ; 00:00:01                           ;
; TimeQuest Timing Analyzer ; 00:00:02     ; 1.0                     ; 253 MB              ; 00:00:01                           ;
; EDA Netlist Writer        ; 00:00:01     ; 1.0                     ; 251 MB              ; 00:00:01                           ;
; Total                     ; 00:00:13     ; --                      ; --                  ; 00:00:12                           ;
+---------------------------+--------------+-------------------------+---------------------+------------------------------------+


+----------------------------------------------------------------------------------------+
; Flow OS Summary                                                                        ;
+---------------------------+------------------+-----------+------------+----------------+
; Module Name               ; Machine Hostname ; OS Name   ; OS Version ; Processor type ;
+---------------------------+------------------+-----------+------------+----------------+
; Analysis & Synthesis      ; AND-PCBOOK       ; Windows 7 ; 6.2        ; x86_64         ;
; Fitter                    ; AND-PCBOOK       ; Windows 7 ; 6.2        ; x86_64         ;
; Assembler                 ; AND-PCBOOK       ; Windows 7 ; 6.2        ; x86_64         ;
; TimeQuest Timing Analyzer ; AND-PCBOOK       ; Windows 7 ; 6.2        ; x86_64         ;
; EDA Netlist Writer        ; AND-PCBOOK       ; Windows 7 ; 6.2        ; x86_64         ;
+---------------------------+------------------+-----------+------------+----------------+


------------
; Flow Log ;
------------
quartus_map --read_settings_files=on --write_settings_files=off PPU_LITE -c PPU_LITE
quartus_fit --read_settings_files=off --write_settings_files=off PPU_LITE -c PPU_LITE
quartus_asm --read_settings_files=off --write_settings_files=off PPU_LITE -c PPU_LITE
quartus_sta PPU_LITE -c PPU_LITE
quartus_eda --read_settings_files=off --write_settings_files=off PPU_LITE -c PPU_LITE



