Assembler report for PPU_LITE
Wed Jan 21 18:23:47 2026
Quartus II Version 11.0 Build 208 07/03/2011 Service Pack 1 SJ Web Edition


---------------------
; Table of Contents ;
---------------------
  1. Legal Notice
  2. Assembler Summary
  3. Assembler Settings
  4. Assembler Generated Files
  5. Assembler Device Options: D:/RadioSoft/VIDEO GAME/DENDY/SRC/PPU_LITE/PPU_LITE.sof
  6. Assembler Device Options: D:/RadioSoft/VIDEO GAME/DENDY/SRC/PPU_LITE/PPU_LITE.pof
  7. Assembler Messages



----------------
; Legal Notice ;
----------------
Copyright (C) 1991-2011 Altera Corporation
Your use of Altera Corporation's design tools, logic functions 
and other software and tools, and its AMPP partner logic 
functions, and any output files from any of the foregoing 
(including device programming or simulation files), and any 
associated documentation or information are expressly subject 
to the terms and conditions of the Altera Program License 
Subscription Agreement, Altera MegaCore Function License 
Agreement, or other applicable license agreement, including, 
without limitation, that your use is for the sole purpose of 
programming logic devices manufactured by Altera and sold by 
Altera or its authorized distributors.  Please refer to the 
applicable agreement for further details.



+---------------------------------------------------------------+
; Assembler Summary                                             ;
+-----------------------+---------------------------------------+
; Assembler Status      ; Successful - Wed Jan 21 18:23:47 2026 ;
; Revision Name         ; PPU_LITE                              ;
; Top-level Entity Name ; PPU_LITE                              ;
; Family                ; Cyclone                               ;
; Device                ; EP1C3T100C8                           ;
+-----------------------+---------------------------------------+


+--------------------------------------------------------------------------------------------------------+
; Assembler Settings                                                                                     ;
+-----------------------------------------------------------------------------+----------+---------------+
; Option                                                                      ; Setting  ; Default Value ;
+-----------------------------------------------------------------------------+----------+---------------+
; Auto user code                                                              ; On       ; Off           ;
; Configuration device                                                        ; Epcs4    ; Auto          ;
; Use smart compilation                                                       ; Off      ; Off           ;
; Enable parallel Assembler and TimeQuest Timing Analyzer during compilation  ; On       ; On            ;
; Enable compact report table                                                 ; Off      ; Off           ;
; Generate compressed bitstreams                                              ; On       ; On            ;
; Compression mode                                                            ; Off      ; Off           ;
; Clock source for configuration device                                       ; Internal ; Internal      ;
; Clock frequency of the configuration device                                 ; 10 MHZ   ; 10 MHz        ;
; Divide clock frequency by                                                   ; 1        ; 1             ;
; Use configuration device                                                    ; On       ; On            ;
; Configuration device auto user code                                         ; Off      ; Off           ;
; Auto-increment JTAG user code for multiple configuration devices            ; On       ; On            ;
; Generate Tabular Text File (.ttf) For Target Device                         ; Off      ; Off           ;
; Generate Raw Binary File (.rbf) For Target Device                           ; Off      ; Off           ;
; Generate Hexadecimal (Intel-Format) Output File (.hexout) for Target Device ; Off      ; Off           ;
; Hexadecimal Output File start address                                       ; 0        ; 0             ;
; Hexadecimal Output File count direction                                     ; Up       ; Up            ;
; Release clears before tri-states                                            ; Off      ; Off           ;
; Auto-restart configuration after error                                      ; On       ; On            ;
; Generate Serial Vector Format File (.svf) for Target Device                 ; Off      ; Off           ;
; Generate a JEDEC STAPL Format File (.jam) for Target Device                 ; Off      ; Off           ;
; Generate a compressed Jam STAPL Byte Code 2.0 File (.jbc) for Target Device ; Off      ; Off           ;
; Generate a compressed Jam STAPL Byte Code 2.0 File (.jbc) for Target Device ; On       ; On            ;
+-----------------------------------------------------------------------------+----------+---------------+


+---------------------------------------------------------+
; Assembler Generated Files                               ;
+---------------------------------------------------------+
; File Name                                               ;
+---------------------------------------------------------+
; D:/RadioSoft/VIDEO GAME/DENDY/SRC/PPU_LITE/PPU_LITE.sof ;
; D:/RadioSoft/VIDEO GAME/DENDY/SRC/PPU_LITE/PPU_LITE.pof ;
+---------------------------------------------------------+


+-----------------------------------------------------------------------------------+
; Assembler Device Options: D:/RadioSoft/VIDEO GAME/DENDY/SRC/PPU_LITE/PPU_LITE.sof ;
+----------------+------------------------------------------------------------------+
; Option         ; Setting                                                          ;
+----------------+------------------------------------------------------------------+
; Device         ; EP1C3T100C8                                                      ;
; JTAG usercode  ; 0x0014F276                                                       ;
; Checksum       ; 0x0014F276                                                       ;
+----------------+------------------------------------------------------------------+


+-----------------------------------------------------------------------------------+
; Assembler Device Options: D:/RadioSoft/VIDEO GAME/DENDY/SRC/PPU_LITE/PPU_LITE.pof ;
+--------------------+--------------------------------------------------------------+
; Option             ; Setting                                                      ;
+--------------------+--------------------------------------------------------------+
; Device             ; EPCS4                                                        ;
; JTAG usercode      ; 0x00000000                                                   ;
; Checksum           ; 0x078DECEC                                                   ;
; Compression Ratio  ; 2                                                            ;
+--------------------+--------------------------------------------------------------+


+--------------------+
; Assembler Messages ;
+--------------------+
Info: *******************************************************************
Info: Running Quartus II Assembler
    Info: Version 11.0 Build 208 07/03/2011 Service Pack 1 SJ Web Edition
    Info: Processing started: Wed Jan 21 18:23:46 2026
Info: Command: quartus_asm --read_settings_files=off --write_settings_files=off PPU_LITE -c PPU_LITE
Info: Assembler is generating device programming files
Info: Quartus II Assembler was successful. 0 errors, 0 warnings
    Info: Peak virtual memory: 240 megabytes
    Info: Processing ended: Wed Jan 21 18:23:47 2026
    Info: Elapsed time: 00:00:01
    Info: Total CPU time (on all processors): 00:00:00


